
> frontend@1.0.0 start:server
> node server.js

node:internal/modules/cjs/loader:1227
  throw err;
  ^

Error: Cannot find module 'express'
Require stack:
- /Users/gltats/Documents/transcendence2/frontend/server.js
    at Module._resolveFilename (node:internal/modules/cjs/loader:1224:15)
    at Module._load (node:internal/modules/cjs/loader:1050:27)
    at Module.require (node:internal/modules/cjs/loader:1310:19)
    at require (node:internal/modules/helpers:179:18)
    at Object.<anonymous> (/Users/gltats/Documents/transcendence2/frontend/server.js:1:17)
    at Module._compile (node:internal/modules/cjs/loader:1480:14)
    at Module._extensions..js (node:internal/modules/cjs/loader:1564:10)
    at Module.load (node:internal/modules/cjs/loader:1287:32)
    at Module._load (node:internal/modules/cjs/loader:1103:12)
    at Function.executeUserEntryPoint [as runMain] (node:internal/modules/run_main:168:12) {
  code: 'MODULE_NOT_FOUND',
  requireStack: [ '/Users/gltats/Documents/transcendence2/frontend/server.js' ]
}

Node.js v22.1.0

> frontend@1.0.0 start:server
> node server.js

Server now listens at http://localhost:4242

> frontend@1.0.0 start:server
> node server.js

Server now listens at http://localhost:4242

> frontend@1.0.0 start:server
> node server.js

Server now listens at http://localhost:4242

> frontend@1.0.0 start:server
> node server.js

Server now listens at http://localhost:4242

> frontend@1.0.0 start:server
> node server.js

Server now listens at http://localhost:4242
